<?xml version="1.0" encoding="UTF-8"?>
<testng-results ignored="0" total="1" passed="1" failed="0" skipped="0">
  <reporter-output>
  </reporter-output>
  <suite started-at="2020-12-26T22:14:01 ALMT" name="Gradle suite" finished-at="2020-12-26T22:14:13 ALMT" duration-ms="11333">
    <groups>
    </groups>
    <test started-at="2020-12-26T22:14:01 ALMT" name="Gradle test" finished-at="2020-12-26T22:14:13 ALMT" duration-ms="11333">
      <class name="addressbook.tests.GroupModificationTests">
        <test-method is-config="true" signature="setUp()[pri:0, instance:addressbook.tests.GroupModificationTests@32fda7e9]" started-at="2020-12-26T22:14:01 ALMT" name="setUp" finished-at="2020-12-26T22:14:03 ALMT" duration-ms="1747" status="PASS">
          <reporter-output>
          </reporter-output>
        </test-method> <!-- setUp -->
        <test-method signature="testGroupModification()[pri:0, instance:addressbook.tests.GroupModificationTests@32fda7e9]" started-at="2020-12-26T22:14:03 ALMT" name="testGroupModification" finished-at="2020-12-26T22:14:13 ALMT" duration-ms="9488" status="PASS">
          <reporter-output>
          </reporter-output>
        </test-method> <!-- testGroupModification -->
        <test-method is-config="true" signature="tearDown()[pri:0, instance:addressbook.tests.GroupModificationTests@32fda7e9]" started-at="2020-12-26T22:14:13 ALMT" name="tearDown" finished-at="2020-12-26T22:14:13 ALMT" duration-ms="79" status="PASS">
          <reporter-output>
          </reporter-output>
        </test-method> <!-- tearDown -->
      </class> <!-- addressbook.tests.GroupModificationTests -->
    </test> <!-- Gradle test -->
  </suite> <!-- Gradle suite -->
</testng-results>
