<?xml version="1.0" encoding="UTF-8"?>
<testng-results ignored="0" total="2" passed="2" failed="0" skipped="0">
  <reporter-output>
  </reporter-output>
  <suite started-at="2020-12-27T01:48:20 ALMT" name="Gradle suite" finished-at="2020-12-27T01:48:25 ALMT" duration-ms="4904">
    <groups>
    </groups>
    <test started-at="2020-12-27T01:48:20 ALMT" name="Gradle test" finished-at="2020-12-27T01:48:25 ALMT" duration-ms="4904">
      <class name="com.baha.PrimeTests">
        <test-method signature="testPrimes()[pri:0, instance:com.baha.PrimeTests@9d4e80c]" started-at="2020-12-27T01:48:20 ALMT" name="testPrimes" finished-at="2020-12-27T01:48:25 ALMT" duration-ms="4881" status="PASS">
          <reporter-output>
          </reporter-output>
        </test-method> <!-- testPrimes -->
        <test-method signature="testPrimes2()[pri:0, instance:com.baha.PrimeTests@9d4e80c]" started-at="2020-12-27T01:48:25 ALMT" name="testPrimes2" finished-at="2020-12-27T01:48:25 ALMT" duration-ms="1" status="PASS">
          <reporter-output>
          </reporter-output>
        </test-method> <!-- testPrimes2 -->
      </class> <!-- com.baha.PrimeTests -->
    </test> <!-- Gradle test -->
  </suite> <!-- Gradle suite -->
</testng-results>
